<?xml version="1.0" encoding="UTF-8"?>
<!-- Generated by org.testng.reporters.JUnitXMLReporter -->
<testsuite ignored="0" hostname="DESKTOP-NHNL82P" failures="1" tests="2" name="Test" time="15.725" errors="0" timestamp="2024-09-30T16:11:03 IST">
  <testcase classname="testCases.TC_AccountRegistrationTest" name="verify_account_registration" time="1.561"/>
  <testcase classname="testCases.TC_LoginTest" name="VerifyLogin" time="0.668">
    <failure type="java.lang.AssertionError" message="null">
      <![CDATA[java.lang.AssertionError: null
at testCases.TC_LoginTest.VerifyLogin(TC_LoginTest.java:38)
at java.base/java.util.ArrayList.forEach(ArrayList.java:1597)
... Removed 27 stack frames]]>
    </failure>
  </testcase> <!-- VerifyLogin -->
</testsuite> <!-- Test -->
